<?xml version="1.0" encoding="UTF-8"?>
<!-- Generated by org.testng.reporters.JUnitReportReporter -->
<testsuite hostname="DESKTOP-OEDCVN9" failures="0" tests="2" name="Test.login" time="55.878" errors="0" timestamp="2024-01-31T10:39:50 IST" skipped="0">
  <testcase classname="Test.login" name="LoginTest" time="3.479"/>
  <testcase classname="Test.login" name="ProductsPageTest" time="52.399"/>
</testsuite> <!-- Test.login -->
