<?xml version="1.0" encoding="UTF-8"?>
<!-- Generated by org.testng.reporters.JUnitReportReporter -->
<testsuite hostname="DESKTOP-OEDCVN9" failures="0" tests="2" name="Test.login" time="63.597" errors="0" timestamp="2024-02-01T15:27:03 IST" skipped="0">
  <testcase classname="Test.login" name="LoginTest" time="7.633"/>
  <testcase classname="Test.login" name="ProductsPageTest" time="55.964"/>
</testsuite> <!-- Test.login -->
